{"a": 1, "b": 2, "c": 4, "action_status": "started", "timestamp": 1598283939.5796978, "task_uuid": "2d7e6dbc-1fd8-4784-9532-40f4f2514567", "action_type": "__main__.multiplysum", "task_level": [1]}
{"a": 1, "b": 2, "action_status": "started", "timestamp": 1598283939.5796978, "task_uuid": "2d7e6dbc-1fd8-4784-9532-40f4f2514567", "action_type": "__main__.add", "task_level": [2, 1]}
{"result": 3, "action_status": "succeeded", "timestamp": 1598283939.5796978, "task_uuid": "2d7e6dbc-1fd8-4784-9532-40f4f2514567", "action_type": "__main__.add", "task_level": [2, 2]}
{"a": 3, "b": 4, "action_status": "started", "timestamp": 1598283939.5796978, "task_uuid": "2d7e6dbc-1fd8-4784-9532-40f4f2514567", "action_type": "__main__.multiply", "task_level": [3, 1]}
{"result": 0, "action_status": "succeeded", "timestamp": 1598283939.5806606, "task_uuid": "2d7e6dbc-1fd8-4784-9532-40f4f2514567", "action_type": "__main__.multiply", "task_level": [3, 2]}
{"result": 0, "action_status": "succeeded", "timestamp": 1598283939.5876768, "task_uuid": "2d7e6dbc-1fd8-4784-9532-40f4f2514567", "action_type": "__main__.multiplysum", "task_level": [4]}
{"a": 1, "b": 2, "c": 4, "action_status": "started", "timestamp": 1598283950.1677148, "task_uuid": "ab1b24e9-0f52-4810-921c-b8997566be0f", "action_type": "__main__.multiplysum", "task_level": [1]}
{"a": 1, "b": 2, "action_status": "started", "timestamp": 1598283950.1677148, "task_uuid": "ab1b24e9-0f52-4810-921c-b8997566be0f", "action_type": "__main__.add", "task_level": [2, 1]}
{"result": 3, "action_status": "succeeded", "timestamp": 1598283950.1677148, "task_uuid": "ab1b24e9-0f52-4810-921c-b8997566be0f", "action_type": "__main__.add", "task_level": [2, 2]}
{"a": 3, "b": 4, "action_status": "started", "timestamp": 1598283950.1677148, "task_uuid": "ab1b24e9-0f52-4810-921c-b8997566be0f", "action_type": "__main__.multiply", "task_level": [3, 1]}
{"result": 12, "action_status": "succeeded", "timestamp": 1598283950.1677148, "task_uuid": "ab1b24e9-0f52-4810-921c-b8997566be0f", "action_type": "__main__.multiply", "task_level": [3, 2]}
{"result": 12, "action_status": "succeeded", "timestamp": 1598283950.1677148, "task_uuid": "ab1b24e9-0f52-4810-921c-b8997566be0f", "action_type": "__main__.multiplysum", "task_level": [4]}
{"a": 1, "b": 2, "c": 4, "action_status": "started", "timestamp": 1598284105.8424435, "task_uuid": "9682c3c5-5c58-4ac8-8e13-0e59a3461ad1", "action_type": "__main__.multiplysum", "task_level": [1]}
{"a": 1, "b": 2, "action_status": "started", "timestamp": 1598284105.8424435, "task_uuid": "9682c3c5-5c58-4ac8-8e13-0e59a3461ad1", "action_type": "__main__.add", "task_level": [2, 1]}
{"result": 3, "action_status": "succeeded", "timestamp": 1598284105.8424435, "task_uuid": "9682c3c5-5c58-4ac8-8e13-0e59a3461ad1", "action_type": "__main__.add", "task_level": [2, 2]}
{"a": 3, "b": 4, "action_status": "started", "timestamp": 1598284105.8424435, "task_uuid": "9682c3c5-5c58-4ac8-8e13-0e59a3461ad1", "action_type": "__main__.multiply", "task_level": [3, 1]}
{"result": 12, "action_status": "succeeded", "timestamp": 1598284105.8424435, "task_uuid": "9682c3c5-5c58-4ac8-8e13-0e59a3461ad1", "action_type": "__main__.multiply", "task_level": [3, 2]}
{"result": 12, "action_status": "succeeded", "timestamp": 1598284105.8424435, "task_uuid": "9682c3c5-5c58-4ac8-8e13-0e59a3461ad1", "action_type": "__main__.multiplysum", "task_level": [4]}
{"a": 1, "b": 2, "c": 4, "action_status": "started", "timestamp": 1598284125.8271015, "task_uuid": "86e2fa4b-7c34-47af-b01e-3f8837a53bd5", "action_type": "__main__.multiplysum", "task_level": [1]}
{"a": 1, "b": 2, "action_status": "started", "timestamp": 1598284125.8271015, "task_uuid": "86e2fa4b-7c34-47af-b01e-3f8837a53bd5", "action_type": "__main__.add", "task_level": [2, 1]}
{"result": 3, "action_status": "succeeded", "timestamp": 1598284125.8271015, "task_uuid": "86e2fa4b-7c34-47af-b01e-3f8837a53bd5", "action_type": "__main__.add", "task_level": [2, 2]}
{"a": 3, "b": 4, "action_status": "started", "timestamp": 1598284125.8271015, "task_uuid": "86e2fa4b-7c34-47af-b01e-3f8837a53bd5", "action_type": "__main__.multiply", "task_level": [3, 1]}
{"result": 12, "action_status": "succeeded", "timestamp": 1598284125.8271015, "task_uuid": "86e2fa4b-7c34-47af-b01e-3f8837a53bd5", "action_type": "__main__.multiply", "task_level": [3, 2]}
{"result": 12, "action_status": "succeeded", "timestamp": 1598284125.8271015, "task_uuid": "86e2fa4b-7c34-47af-b01e-3f8837a53bd5", "action_type": "__main__.multiplysum", "task_level": [4]}
{"a": 1, "b": 2, "c": 4, "action_status": "started", "timestamp": 1598284146.6123848, "task_uuid": "9a1d6aba-6eb6-4689-8444-5bdefa608cf1", "action_type": "__main__.multiplysum", "task_level": [1]}
{"a": 1, "b": 2, "action_status": "started", "timestamp": 1598284146.6123848, "task_uuid": "9a1d6aba-6eb6-4689-8444-5bdefa608cf1", "action_type": "__main__.add", "task_level": [2, 1]}
{"result": 3, "action_status": "succeeded", "timestamp": 1598284146.6123848, "task_uuid": "9a1d6aba-6eb6-4689-8444-5bdefa608cf1", "action_type": "__main__.add", "task_level": [2, 2]}
{"a": 3, "b": 4, "action_status": "started", "timestamp": 1598284146.6123848, "task_uuid": "9a1d6aba-6eb6-4689-8444-5bdefa608cf1", "action_type": "__main__.multiply", "task_level": [3, 1]}
{"result": 12, "action_status": "succeeded", "timestamp": 1598284146.6123848, "task_uuid": "9a1d6aba-6eb6-4689-8444-5bdefa608cf1", "action_type": "__main__.multiply", "task_level": [3, 2]}
{"result": 12, "action_status": "succeeded", "timestamp": 1598284146.6123848, "task_uuid": "9a1d6aba-6eb6-4689-8444-5bdefa608cf1", "action_type": "__main__.multiplysum", "task_level": [4]}
{"a": 1, "b": 2, "c": 4, "action_status": "started", "timestamp": 1598284154.0466766, "task_uuid": "007171b3-510a-401a-b0e8-f4c57bc80769", "action_type": "__main__.multiplysum", "task_level": [1]}
{"a": 1, "b": 2, "action_status": "started", "timestamp": 1598284154.0476756, "task_uuid": "007171b3-510a-401a-b0e8-f4c57bc80769", "action_type": "__main__.add", "task_level": [2, 1]}
{"result": 3, "action_status": "succeeded", "timestamp": 1598284154.0476756, "task_uuid": "007171b3-510a-401a-b0e8-f4c57bc80769", "action_type": "__main__.add", "task_level": [2, 2]}
{"a": 3, "b": 4, "action_status": "started", "timestamp": 1598284154.0476756, "task_uuid": "007171b3-510a-401a-b0e8-f4c57bc80769", "action_type": "__main__.multiply", "task_level": [3, 1]}
{"result": 12, "action_status": "succeeded", "timestamp": 1598284154.0476756, "task_uuid": "007171b3-510a-401a-b0e8-f4c57bc80769", "action_type": "__main__.multiply", "task_level": [3, 2]}
{"result": 12, "action_status": "succeeded", "timestamp": 1598284154.0476756, "task_uuid": "007171b3-510a-401a-b0e8-f4c57bc80769", "action_type": "__main__.multiplysum", "task_level": [4]}
{"a": 1, "b": 2, "c": 4, "action_status": "started", "timestamp": 1598285506.6185532, "task_uuid": "19231163-36ea-4df7-b4be-42b7c31fdd4f", "action_type": "__main__.multiplysum", "task_level": [1]}
{"a": 1, "b": 2, "action_status": "started", "timestamp": 1598285506.6185532, "task_uuid": "19231163-36ea-4df7-b4be-42b7c31fdd4f", "action_type": "__main__.add", "task_level": [2, 1]}
{"result": 3, "action_status": "succeeded", "timestamp": 1598285506.6185532, "task_uuid": "19231163-36ea-4df7-b4be-42b7c31fdd4f", "action_type": "__main__.add", "task_level": [2, 2]}
{"a": 3, "b": 4, "action_status": "started", "timestamp": 1598285506.6185532, "task_uuid": "19231163-36ea-4df7-b4be-42b7c31fdd4f", "action_type": "__main__.multiply", "task_level": [3, 1]}
{"result": 12, "action_status": "succeeded", "timestamp": 1598285506.6185532, "task_uuid": "19231163-36ea-4df7-b4be-42b7c31fdd4f", "action_type": "__main__.multiply", "task_level": [3, 2]}
{"result": 12, "action_status": "succeeded", "timestamp": 1598285506.6185532, "task_uuid": "19231163-36ea-4df7-b4be-42b7c31fdd4f", "action_type": "__main__.multiplysum", "task_level": [4]}
